Determining if the pthread_create exist failed with the following output:
Change Dir: /home/singularity/Documents/MSI/urc-cnip-2015/catkin_ws/build/CMakeFiles/CMakeTmp

Run Build Command:/usr/bin/make "cmTryCompileExec1474046525/fast"
/usr/bin/make -f CMakeFiles/cmTryCompileExec1474046525.dir/build.make CMakeFiles/cmTryCompileExec1474046525.dir/build
make[1]: Entering directory `/home/singularity/Documents/MSI/urc-cnip-2015/catkin_ws/build/CMakeFiles/CMakeTmp'
/usr/bin/cmake -E cmake_progress_report /home/singularity/Documents/MSI/urc-cnip-2015/catkin_ws/build/CMakeFiles/CMakeTmp/CMakeFiles 1
Building C object CMakeFiles/cmTryCompileExec1474046525.dir/CheckSymbolExists.c.o
/usr/bin/cc    -o CMakeFiles/cmTryCompileExec1474046525.dir/CheckSymbolExists.c.o   -c /home/singularity/Documents/MSI/urc-cnip-2015/catkin_ws/build/CMakeFiles/CMakeTmp/CheckSymbolExists.c
Linking C executable cmTryCompileExec1474046525
/usr/bin/cmake -E cmake_link_script CMakeFiles/cmTryCompileExec1474046525.dir/link.txt --verbose=1
/usr/bin/cc       CMakeFiles/cmTryCompileExec1474046525.dir/CheckSymbolExists.c.o  -o cmTryCompileExec1474046525 -rdynamic 
CMakeFiles/cmTryCompileExec1474046525.dir/CheckSymbolExists.c.o: In function `main':
CheckSymbolExists.c:(.text+0x16): undefined reference to `pthread_create'
collect2: error: ld returned 1 exit status
make[1]: *** [cmTryCompileExec1474046525] Error 1
make[1]: Leaving directory `/home/singularity/Documents/MSI/urc-cnip-2015/catkin_ws/build/CMakeFiles/CMakeTmp'
make: *** [cmTryCompileExec1474046525/fast] Error 2

File /home/singularity/Documents/MSI/urc-cnip-2015/catkin_ws/build/CMakeFiles/CMakeTmp/CheckSymbolExists.c:
/* */
#include <pthread.h>

int main(int argc, char** argv)
{
  (void)argv;
#ifndef pthread_create
  return ((int*)(&pthread_create))[argc];
#else
  (void)argc;
  return 0;
#endif
}

Determining if the function pthread_create exists in the pthreads failed with the following output:
Change Dir: /home/singularity/Documents/MSI/urc-cnip-2015/catkin_ws/build/CMakeFiles/CMakeTmp

Run Build Command:/usr/bin/make "cmTryCompileExec227275033/fast"
/usr/bin/make -f CMakeFiles/cmTryCompileExec227275033.dir/build.make CMakeFiles/cmTryCompileExec227275033.dir/build
make[1]: Entering directory `/home/singularity/Documents/MSI/urc-cnip-2015/catkin_ws/build/CMakeFiles/CMakeTmp'
/usr/bin/cmake -E cmake_progress_report /home/singularity/Documents/MSI/urc-cnip-2015/catkin_ws/build/CMakeFiles/CMakeTmp/CMakeFiles 1
Building C object CMakeFiles/cmTryCompileExec227275033.dir/CheckFunctionExists.c.o
/usr/bin/cc   -DCHECK_FUNCTION_EXISTS=pthread_create   -o CMakeFiles/cmTryCompileExec227275033.dir/CheckFunctionExists.c.o   -c /usr/share/cmake-2.8/Modules/CheckFunctionExists.c
Linking C executable cmTryCompileExec227275033
/usr/bin/cmake -E cmake_link_script CMakeFiles/cmTryCompileExec227275033.dir/link.txt --verbose=1
/usr/bin/cc   -DCHECK_FUNCTION_EXISTS=pthread_create    CMakeFiles/cmTryCompileExec227275033.dir/CheckFunctionExists.c.o  -o cmTryCompileExec227275033 -rdynamic -lpthreads 
/usr/bin/ld: cannot find -lpthreads
collect2: error: ld returned 1 exit status
make[1]: *** [cmTryCompileExec227275033] Error 1
make[1]: Leaving directory `/home/singularity/Documents/MSI/urc-cnip-2015/catkin_ws/build/CMakeFiles/CMakeTmp'
make: *** [cmTryCompileExec227275033/fast] Error 2


